2020-10-12 21:22:57.677  INFO 11820 --- [restartedMain] com.darin.blog.BlogApplication           : Starting BlogApplication on LAPTOP-AAV7U5VL with PID 11820 (E:\Code\JavaProjects\myblog\target\classes started by admin in E:\Code\JavaProjects\myblog)
2020-10-12 21:22:57.681 DEBUG 11820 --- [restartedMain] com.darin.blog.BlogApplication           : Running with Spring Boot v2.3.4.RELEASE, Spring v5.2.9.RELEASE
2020-10-12 21:22:57.682  INFO 11820 --- [restartedMain] com.darin.blog.BlogApplication           : No active profile set, falling back to default profiles: default
2020-10-12 21:22:57.719  INFO 11820 --- [restartedMain] .e.DevToolsPropertyDefaultsPostProcessor : Devtools property defaults active! Set 'spring.devtools.add-properties' to 'false' to disable
2020-10-12 21:22:57.719  INFO 11820 --- [restartedMain] .e.DevToolsPropertyDefaultsPostProcessor : For additional web related logging consider setting the 'logging.level.web' property to 'DEBUG'
2020-10-12 21:22:58.416  INFO 11820 --- [restartedMain] .s.d.r.c.RepositoryConfigurationDelegate : Bootstrapping Spring Data JPA repositories in DEFERRED mode.
2020-10-12 21:22:58.474  INFO 11820 --- [restartedMain] .s.d.r.c.RepositoryConfigurationDelegate : Finished Spring Data repository scanning in 50ms. Found 4 JPA repository interfaces.
2020-10-12 21:22:59.078  INFO 11820 --- [restartedMain] o.s.b.w.embedded.tomcat.TomcatWebServer  : Tomcat initialized with port(s): 8079 (http)
2020-10-12 21:22:59.086  INFO 11820 --- [restartedMain] o.apache.catalina.core.StandardService   : Starting service [Tomcat]
2020-10-12 21:22:59.086  INFO 11820 --- [restartedMain] org.apache.catalina.core.StandardEngine  : Starting Servlet engine: [Apache Tomcat/9.0.38]
2020-10-12 21:22:59.194  INFO 11820 --- [restartedMain] o.a.c.c.C.[Tomcat].[localhost].[/]       : Initializing Spring embedded WebApplicationContext
2020-10-12 21:22:59.194  INFO 11820 --- [restartedMain] w.s.c.ServletWebServerApplicationContext : Root WebApplicationContext: initialization completed in 1475 ms
2020-10-12 21:22:59.341  INFO 11820 --- [restartedMain] o.s.s.concurrent.ThreadPoolTaskExecutor  : Initializing ExecutorService 'applicationTaskExecutor'
2020-10-12 21:22:59.422  INFO 11820 --- [task-1] o.hibernate.jpa.internal.util.LogHelper  : HHH000204: Processing PersistenceUnitInfo [name: default]
2020-10-12 21:22:59.468  INFO 11820 --- [task-1] org.hibernate.Version                    : HHH000412: Hibernate ORM core version 5.4.21.Final
2020-10-12 21:22:59.600  INFO 11820 --- [task-1] o.hibernate.annotations.common.Version   : HCANN000001: Hibernate Commons Annotations {5.1.0.Final}
2020-10-12 21:22:59.671  WARN 11820 --- [restartedMain] JpaBaseConfiguration$JpaWebConfiguration : spring.jpa.open-in-view is enabled by default. Therefore, database queries may be performed during view rendering. Explicitly configure spring.jpa.open-in-view to disable this warning
2020-10-12 21:22:59.682  INFO 11820 --- [task-1] com.zaxxer.hikari.HikariDataSource       : HikariPool-1 - Starting...
2020-10-12 21:22:59.826  INFO 11820 --- [restartedMain] pertySourcedRequestMappingHandlerMapping : Mapped URL path [/v2/api-docs] onto method [springfox.documentation.swagger2.web.Swagger2Controller#getDocumentation(String, HttpServletRequest)]
2020-10-12 21:23:00.002  INFO 11820 --- [restartedMain] o.s.b.d.a.OptionalLiveReloadServer       : LiveReload server is running on port 35729
2020-10-12 21:23:00.199  INFO 11820 --- [restartedMain] o.s.b.w.embedded.tomcat.TomcatWebServer  : Tomcat started on port(s): 8079 (http) with context path ''
2020-10-12 21:23:00.200  INFO 11820 --- [restartedMain] d.s.w.p.DocumentationPluginsBootstrapper : Context refreshed
2020-10-12 21:23:00.215  INFO 11820 --- [restartedMain] d.s.w.p.DocumentationPluginsBootstrapper : Found 1 custom documentation plugin(s)
2020-10-12 21:23:00.238  INFO 11820 --- [restartedMain] s.d.s.w.s.ApiListingReferenceScanner     : Scanning for api listing references
2020-10-12 21:23:00.365  INFO 11820 --- [task-1] com.zaxxer.hikari.HikariDataSource       : HikariPool-1 - Start completed.
2020-10-12 21:23:00.383  INFO 11820 --- [task-1] org.hibernate.dialect.Dialect            : HHH000400: Using dialect: org.hibernate.dialect.MySQL57Dialect
2020-10-12 21:23:00.394  INFO 11820 --- [restartedMain] .d.s.w.r.o.CachingOperationNameGenerator : Generating unique operation named: deleteUsingGET_1
2020-10-12 21:23:00.398  INFO 11820 --- [restartedMain] .d.s.w.r.o.CachingOperationNameGenerator : Generating unique operation named: postUsingPOST_1
2020-10-12 21:23:00.408  INFO 11820 --- [restartedMain] DeferredRepositoryInitializationListener : Triggering deferred initialization of Spring Data repositories…
2020-10-12 21:23:00.981  INFO 11820 --- [task-1] o.h.e.t.j.p.i.JtaPlatformInitiator       : HHH000490: Using JtaPlatform implementation: [org.hibernate.engine.transaction.jta.platform.internal.NoJtaPlatform]
2020-10-12 21:23:00.986  INFO 11820 --- [task-1] j.LocalContainerEntityManagerFactoryBean : Initialized JPA EntityManagerFactory for persistence unit 'default'
2020-10-12 21:23:01.408  INFO 11820 --- [restartedMain] DeferredRepositoryInitializationListener : Spring Data repositories initialized!
2020-10-12 21:23:01.414  INFO 11820 --- [restartedMain] com.darin.blog.BlogApplication           : Started BlogApplication in 4.147 seconds (JVM running for 5.362)
2020-10-12 21:24:16.263  INFO 11608 --- [restartedMain] com.darin.blog.BlogApplication           : Starting BlogApplication on LAPTOP-AAV7U5VL with PID 11608 (E:\Code\JavaProjects\myblog\target\classes started by admin in E:\Code\JavaProjects\myblog)
2020-10-12 21:24:16.266 DEBUG 11608 --- [restartedMain] com.darin.blog.BlogApplication           : Running with Spring Boot v2.3.4.RELEASE, Spring v5.2.9.RELEASE
2020-10-12 21:24:16.267  INFO 11608 --- [restartedMain] com.darin.blog.BlogApplication           : No active profile set, falling back to default profiles: default
2020-10-12 21:24:16.308  INFO 11608 --- [restartedMain] .e.DevToolsPropertyDefaultsPostProcessor : Devtools property defaults active! Set 'spring.devtools.add-properties' to 'false' to disable
2020-10-12 21:24:16.308  INFO 11608 --- [restartedMain] .e.DevToolsPropertyDefaultsPostProcessor : For additional web related logging consider setting the 'logging.level.web' property to 'DEBUG'
2020-10-12 21:24:16.927  INFO 11608 --- [restartedMain] .s.d.r.c.RepositoryConfigurationDelegate : Bootstrapping Spring Data JPA repositories in DEFERRED mode.
2020-10-12 21:24:16.981  INFO 11608 --- [restartedMain] .s.d.r.c.RepositoryConfigurationDelegate : Finished Spring Data repository scanning in 48ms. Found 4 JPA repository interfaces.
2020-10-12 21:24:17.535  INFO 11608 --- [restartedMain] o.s.b.w.embedded.tomcat.TomcatWebServer  : Tomcat initialized with port(s): 8079 (http)
2020-10-12 21:24:17.542  INFO 11608 --- [restartedMain] o.apache.catalina.core.StandardService   : Starting service [Tomcat]
2020-10-12 21:24:17.542  INFO 11608 --- [restartedMain] org.apache.catalina.core.StandardEngine  : Starting Servlet engine: [Apache Tomcat/9.0.38]
2020-10-12 21:24:17.647  INFO 11608 --- [restartedMain] o.a.c.c.C.[Tomcat].[localhost].[/]       : Initializing Spring embedded WebApplicationContext
2020-10-12 21:24:17.648  INFO 11608 --- [restartedMain] w.s.c.ServletWebServerApplicationContext : Root WebApplicationContext: initialization completed in 1340 ms
2020-10-12 21:24:17.792  INFO 11608 --- [restartedMain] o.s.s.concurrent.ThreadPoolTaskExecutor  : Initializing ExecutorService 'applicationTaskExecutor'
2020-10-12 21:24:17.863  INFO 11608 --- [task-1] o.hibernate.jpa.internal.util.LogHelper  : HHH000204: Processing PersistenceUnitInfo [name: default]
2020-10-12 21:24:17.893  INFO 11608 --- [task-1] org.hibernate.Version                    : HHH000412: Hibernate ORM core version 5.4.21.Final
2020-10-12 21:24:17.981  INFO 11608 --- [task-1] o.hibernate.annotations.common.Version   : HCANN000001: Hibernate Commons Annotations {5.1.0.Final}
2020-10-12 21:24:18.045  INFO 11608 --- [task-1] com.zaxxer.hikari.HikariDataSource       : HikariPool-1 - Starting...
2020-10-12 21:24:18.088  WARN 11608 --- [restartedMain] JpaBaseConfiguration$JpaWebConfiguration : spring.jpa.open-in-view is enabled by default. Therefore, database queries may be performed during view rendering. Explicitly configure spring.jpa.open-in-view to disable this warning
2020-10-12 21:24:18.230  INFO 11608 --- [restartedMain] pertySourcedRequestMappingHandlerMapping : Mapped URL path [/v2/api-docs] onto method [springfox.documentation.swagger2.web.Swagger2Controller#getDocumentation(String, HttpServletRequest)]
2020-10-12 21:24:18.413  INFO 11608 --- [restartedMain] o.s.b.d.a.OptionalLiveReloadServer       : LiveReload server is running on port 35729
2020-10-12 21:24:18.598  INFO 11608 --- [restartedMain] o.s.b.w.embedded.tomcat.TomcatWebServer  : Tomcat started on port(s): 8079 (http) with context path ''
2020-10-12 21:24:18.599  INFO 11608 --- [restartedMain] d.s.w.p.DocumentationPluginsBootstrapper : Context refreshed
2020-10-12 21:24:18.611  INFO 11608 --- [restartedMain] d.s.w.p.DocumentationPluginsBootstrapper : Found 1 custom documentation plugin(s)
2020-10-12 21:24:18.632  INFO 11608 --- [restartedMain] s.d.s.w.s.ApiListingReferenceScanner     : Scanning for api listing references
2020-10-12 21:24:18.648  INFO 11608 --- [task-1] com.zaxxer.hikari.HikariDataSource       : HikariPool-1 - Start completed.
2020-10-12 21:24:18.661  INFO 11608 --- [task-1] org.hibernate.dialect.Dialect            : HHH000400: Using dialect: org.hibernate.dialect.MySQL57Dialect
2020-10-12 21:24:18.788  INFO 11608 --- [restartedMain] .d.s.w.r.o.CachingOperationNameGenerator : Generating unique operation named: deleteUsingGET_1
2020-10-12 21:24:18.794  INFO 11608 --- [restartedMain] .d.s.w.r.o.CachingOperationNameGenerator : Generating unique operation named: postUsingPOST_1
2020-10-12 21:24:18.805  INFO 11608 --- [restartedMain] DeferredRepositoryInitializationListener : Triggering deferred initialization of Spring Data repositories…
2020-10-12 21:24:19.206  INFO 11608 --- [task-1] o.h.e.t.j.p.i.JtaPlatformInitiator       : HHH000490: Using JtaPlatform implementation: [org.hibernate.engine.transaction.jta.platform.internal.NoJtaPlatform]
2020-10-12 21:24:19.211  INFO 11608 --- [task-1] j.LocalContainerEntityManagerFactoryBean : Initialized JPA EntityManagerFactory for persistence unit 'default'
2020-10-12 21:24:19.640  INFO 11608 --- [restartedMain] DeferredRepositoryInitializationListener : Spring Data repositories initialized!
2020-10-12 21:24:19.646  INFO 11608 --- [restartedMain] com.darin.blog.BlogApplication           : Started BlogApplication in 3.764 seconds (JVM running for 4.915)
2020-10-12 21:26:13.922  INFO 11608 --- [http-nio-8079-exec-1] o.a.c.c.C.[Tomcat].[localhost].[/]       : Initializing Spring DispatcherServlet 'dispatcherServlet'
2020-10-12 21:26:13.922  INFO 11608 --- [http-nio-8079-exec-1] o.s.web.servlet.DispatcherServlet        : Initializing Servlet 'dispatcherServlet'
2020-10-12 21:26:13.929  INFO 11608 --- [http-nio-8079-exec-1] o.s.web.servlet.DispatcherServlet        : Completed initialization in 7 ms
2020-10-12 21:26:15.562  INFO 11608 --- [http-nio-8079-exec-6] com.darin.blog.handler.LoginInterceptor  : 通过拦截器
2020-10-12 21:26:15.562  INFO 11608 --- [http-nio-8079-exec-5] com.darin.blog.handler.LoginInterceptor  : 通过拦截器
2020-10-12 21:26:18.574  INFO 11608 --- [http-nio-8079-exec-8] com.darin.blog.handler.LoginInterceptor  : 通过拦截器
2020-10-12 21:26:18.578  INFO 11608 --- [http-nio-8079-exec-9] com.darin.blog.handler.LoginInterceptor  : 通过拦截器
2020-10-12 21:30:24.838  INFO 11608 --- [http-nio-8079-exec-3] com.darin.blog.handler.LoginInterceptor  : 通过拦截器
2020-10-12 21:30:43.784  INFO 11608 --- [http-nio-8079-exec-6] com.darin.blog.handler.LoginInterceptor  : 通过拦截器
2020-10-12 21:30:43.784  INFO 11608 --- [http-nio-8079-exec-4] com.darin.blog.handler.LoginInterceptor  : 通过拦截器
2020-10-12 21:35:20.488  INFO 11608 --- [http-nio-8079-exec-1] com.darin.blog.handler.LoginInterceptor  : 通过拦截器
2020-10-12 21:35:20.488  INFO 11608 --- [http-nio-8079-exec-10] com.darin.blog.handler.LoginInterceptor  : 通过拦截器
2020-10-12 21:43:24.724  INFO 11608 --- [http-nio-8079-exec-6] com.darin.blog.handler.LoginInterceptor  : 通过拦截器
2020-10-12 21:43:24.727  INFO 11608 --- [http-nio-8079-exec-4] com.darin.blog.handler.LoginInterceptor  : 通过拦截器
2020-10-12 22:17:00.097  INFO 38304 --- [restartedMain] com.darin.blog.BlogApplication           : Starting BlogApplication on LAPTOP-AAV7U5VL with PID 38304 (E:\Code\JavaProjects\myblog\target\classes started by admin in E:\Code\JavaProjects\myblog)
2020-10-12 22:17:00.101 DEBUG 38304 --- [restartedMain] com.darin.blog.BlogApplication           : Running with Spring Boot v2.3.4.RELEASE, Spring v5.2.9.RELEASE
2020-10-12 22:17:00.102  INFO 38304 --- [restartedMain] com.darin.blog.BlogApplication           : No active profile set, falling back to default profiles: default
2020-10-12 22:17:00.150  INFO 38304 --- [restartedMain] .e.DevToolsPropertyDefaultsPostProcessor : Devtools property defaults active! Set 'spring.devtools.add-properties' to 'false' to disable
2020-10-12 22:17:00.150  INFO 38304 --- [restartedMain] .e.DevToolsPropertyDefaultsPostProcessor : For additional web related logging consider setting the 'logging.level.web' property to 'DEBUG'
2020-10-12 22:17:00.751  INFO 38304 --- [restartedMain] .s.d.r.c.RepositoryConfigurationDelegate : Bootstrapping Spring Data JPA repositories in DEFERRED mode.
2020-10-12 22:17:00.803  INFO 38304 --- [restartedMain] .s.d.r.c.RepositoryConfigurationDelegate : Finished Spring Data repository scanning in 47ms. Found 4 JPA repository interfaces.
2020-10-12 22:17:01.358  INFO 38304 --- [restartedMain] o.s.b.w.embedded.tomcat.TomcatWebServer  : Tomcat initialized with port(s): 8079 (http)
2020-10-12 22:17:01.365  INFO 38304 --- [restartedMain] o.apache.catalina.core.StandardService   : Starting service [Tomcat]
2020-10-12 22:17:01.365  INFO 38304 --- [restartedMain] org.apache.catalina.core.StandardEngine  : Starting Servlet engine: [Apache Tomcat/9.0.38]
2020-10-12 22:17:01.476  INFO 38304 --- [restartedMain] o.a.c.c.C.[Tomcat].[localhost].[/]       : Initializing Spring embedded WebApplicationContext
2020-10-12 22:17:01.476  INFO 38304 --- [restartedMain] w.s.c.ServletWebServerApplicationContext : Root WebApplicationContext: initialization completed in 1326 ms
2020-10-12 22:17:01.628  INFO 38304 --- [restartedMain] o.s.s.concurrent.ThreadPoolTaskExecutor  : Initializing ExecutorService 'applicationTaskExecutor'
2020-10-12 22:17:01.707  INFO 38304 --- [task-1] o.hibernate.jpa.internal.util.LogHelper  : HHH000204: Processing PersistenceUnitInfo [name: default]
2020-10-12 22:17:01.741  INFO 38304 --- [task-1] org.hibernate.Version                    : HHH000412: Hibernate ORM core version 5.4.21.Final
2020-10-12 22:17:01.843  INFO 38304 --- [task-1] o.hibernate.annotations.common.Version   : HCANN000001: Hibernate Commons Annotations {5.1.0.Final}
2020-10-12 22:17:01.913  INFO 38304 --- [task-1] com.zaxxer.hikari.HikariDataSource       : HikariPool-1 - Starting...
2020-10-12 22:17:01.968  WARN 38304 --- [restartedMain] JpaBaseConfiguration$JpaWebConfiguration : spring.jpa.open-in-view is enabled by default. Therefore, database queries may be performed during view rendering. Explicitly configure spring.jpa.open-in-view to disable this warning
2020-10-12 22:17:02.176  INFO 38304 --- [restartedMain] pertySourcedRequestMappingHandlerMapping : Mapped URL path [/v2/api-docs] onto method [springfox.documentation.swagger2.web.Swagger2Controller#getDocumentation(String, HttpServletRequest)]
2020-10-12 22:17:02.385  INFO 38304 --- [restartedMain] o.s.b.d.a.OptionalLiveReloadServer       : LiveReload server is running on port 35729
2020-10-12 22:17:02.602  INFO 38304 --- [restartedMain] o.s.b.w.embedded.tomcat.TomcatWebServer  : Tomcat started on port(s): 8079 (http) with context path ''
2020-10-12 22:17:02.604  INFO 38304 --- [restartedMain] d.s.w.p.DocumentationPluginsBootstrapper : Context refreshed
2020-10-12 22:17:02.617  INFO 38304 --- [restartedMain] d.s.w.p.DocumentationPluginsBootstrapper : Found 1 custom documentation plugin(s)
2020-10-12 22:17:02.641  INFO 38304 --- [task-1] com.zaxxer.hikari.HikariDataSource       : HikariPool-1 - Start completed.
2020-10-12 22:17:02.646  INFO 38304 --- [restartedMain] s.d.s.w.s.ApiListingReferenceScanner     : Scanning for api listing references
2020-10-12 22:17:02.654  INFO 38304 --- [task-1] org.hibernate.dialect.Dialect            : HHH000400: Using dialect: org.hibernate.dialect.MySQL57Dialect
2020-10-12 22:17:02.810  INFO 38304 --- [restartedMain] .d.s.w.r.o.CachingOperationNameGenerator : Generating unique operation named: deleteUsingGET_1
2020-10-12 22:17:02.822  INFO 38304 --- [restartedMain] .d.s.w.r.o.CachingOperationNameGenerator : Generating unique operation named: postUsingPOST_1
2020-10-12 22:17:02.835  INFO 38304 --- [restartedMain] DeferredRepositoryInitializationListener : Triggering deferred initialization of Spring Data repositories…
2020-10-12 22:17:03.321  INFO 38304 --- [task-1] o.h.e.t.j.p.i.JtaPlatformInitiator       : HHH000490: Using JtaPlatform implementation: [org.hibernate.engine.transaction.jta.platform.internal.NoJtaPlatform]
2020-10-12 22:17:03.326  INFO 38304 --- [task-1] j.LocalContainerEntityManagerFactoryBean : Initialized JPA EntityManagerFactory for persistence unit 'default'
2020-10-12 22:17:03.785  INFO 38304 --- [restartedMain] DeferredRepositoryInitializationListener : Spring Data repositories initialized!
2020-10-12 22:17:03.791  INFO 38304 --- [restartedMain] com.darin.blog.BlogApplication           : Started BlogApplication in 4.116 seconds (JVM running for 5.293)
2020-10-12 22:17:14.814  INFO 38304 --- [http-nio-8079-exec-1] o.a.c.c.C.[Tomcat].[localhost].[/]       : Initializing Spring DispatcherServlet 'dispatcherServlet'
2020-10-12 22:17:14.814  INFO 38304 --- [http-nio-8079-exec-1] o.s.web.servlet.DispatcherServlet        : Initializing Servlet 'dispatcherServlet'
2020-10-12 22:17:14.821  INFO 38304 --- [http-nio-8079-exec-1] o.s.web.servlet.DispatcherServlet        : Completed initialization in 7 ms
2020-10-12 22:17:19.264  INFO 38304 --- [http-nio-8079-exec-3] com.darin.blog.handler.LoginInterceptor  : 通过拦截器
2020-10-12 22:17:19.264  INFO 38304 --- [http-nio-8079-exec-2] com.darin.blog.handler.LoginInterceptor  : 通过拦截器
2020-10-12 22:18:53.528  INFO 38304 --- [http-nio-8079-exec-5] com.darin.blog.handler.LoginInterceptor  : 通过拦截器
2020-10-12 22:18:53.528  INFO 38304 --- [http-nio-8079-exec-7] com.darin.blog.handler.LoginInterceptor  : 通过拦截器
2020-10-12 22:19:00.793  INFO 38304 --- [http-nio-8079-exec-9] com.darin.blog.handler.LoginInterceptor  : 通过拦截器
2020-10-12 22:19:00.793  INFO 38304 --- [http-nio-8079-exec-8] com.darin.blog.handler.LoginInterceptor  : 通过拦截器
2020-10-12 22:22:12.422  INFO 38304 --- [http-nio-8079-exec-2] com.darin.blog.handler.LoginInterceptor  : 通过拦截器
2020-10-12 22:22:12.422  INFO 38304 --- [http-nio-8079-exec-3] com.darin.blog.handler.LoginInterceptor  : 通过拦截器
2020-10-12 22:23:40.136  INFO 38304 --- [http-nio-8079-exec-5] com.darin.blog.handler.LoginInterceptor  : 通过拦截器
2020-10-12 22:23:40.136  INFO 38304 --- [http-nio-8079-exec-7] com.darin.blog.handler.LoginInterceptor  : 通过拦截器
2020-10-12 22:25:00.035  INFO 38304 --- [http-nio-8079-exec-1] com.darin.blog.handler.LoginInterceptor  : 通过拦截器
2020-10-12 22:25:00.035  INFO 38304 --- [http-nio-8079-exec-10] com.darin.blog.handler.LoginInterceptor  : 通过拦截器
2020-10-12 22:25:05.062  INFO 38304 --- [http-nio-8079-exec-2] com.darin.blog.handler.LoginInterceptor  : 通过拦截器
2020-10-12 22:25:05.062  INFO 38304 --- [http-nio-8079-exec-3] com.darin.blog.handler.LoginInterceptor  : 通过拦截器
2020-10-12 22:25:07.887  INFO 38304 --- [http-nio-8079-exec-6] com.darin.blog.handler.LoginInterceptor  : 通过拦截器
2020-10-12 22:25:07.888  INFO 38304 --- [http-nio-8079-exec-4] com.darin.blog.handler.LoginInterceptor  : 通过拦截器
2020-10-12 22:26:31.169  INFO 38304 --- [http-nio-8079-exec-8] com.darin.blog.handler.LoginInterceptor  : 通过拦截器
2020-10-12 22:27:17.836  INFO 38304 --- [http-nio-8079-exec-9] com.darin.blog.handler.LoginInterceptor  : 通过拦截器
2020-10-12 22:31:40.459  INFO 38304 --- [http-nio-8079-exec-4] com.darin.blog.handler.LoginInterceptor  : 通过拦截器
2020-10-12 22:31:40.459  INFO 38304 --- [http-nio-8079-exec-3] com.darin.blog.handler.LoginInterceptor  : 通过拦截器
2020-10-12 22:33:39.424  INFO 7340 --- [restartedMain] com.darin.blog.BlogApplication           : Starting BlogApplication on LAPTOP-AAV7U5VL with PID 7340 (E:\Code\JavaProjects\myblog\target\classes started by admin in E:\Code\JavaProjects\myblog)
2020-10-12 22:33:39.426 DEBUG 7340 --- [restartedMain] com.darin.blog.BlogApplication           : Running with Spring Boot v2.3.4.RELEASE, Spring v5.2.9.RELEASE
2020-10-12 22:33:39.426  INFO 7340 --- [restartedMain] com.darin.blog.BlogApplication           : No active profile set, falling back to default profiles: default
2020-10-12 22:33:39.460  INFO 7340 --- [restartedMain] .e.DevToolsPropertyDefaultsPostProcessor : Devtools property defaults active! Set 'spring.devtools.add-properties' to 'false' to disable
2020-10-12 22:33:39.460  INFO 7340 --- [restartedMain] .e.DevToolsPropertyDefaultsPostProcessor : For additional web related logging consider setting the 'logging.level.web' property to 'DEBUG'
2020-10-12 22:33:40.042  INFO 7340 --- [restartedMain] .s.d.r.c.RepositoryConfigurationDelegate : Bootstrapping Spring Data JPA repositories in DEFERRED mode.
2020-10-12 22:33:40.092  INFO 7340 --- [restartedMain] .s.d.r.c.RepositoryConfigurationDelegate : Finished Spring Data repository scanning in 44ms. Found 4 JPA repository interfaces.
2020-10-12 22:33:40.616  INFO 7340 --- [restartedMain] o.s.b.w.embedded.tomcat.TomcatWebServer  : Tomcat initialized with port(s): 8079 (http)
2020-10-12 22:33:40.622  INFO 7340 --- [restartedMain] o.apache.catalina.core.StandardService   : Starting service [Tomcat]
2020-10-12 22:33:40.623  INFO 7340 --- [restartedMain] org.apache.catalina.core.StandardEngine  : Starting Servlet engine: [Apache Tomcat/9.0.38]
2020-10-12 22:33:40.723  INFO 7340 --- [restartedMain] o.a.c.c.C.[Tomcat].[localhost].[/]       : Initializing Spring embedded WebApplicationContext
2020-10-12 22:33:40.723  INFO 7340 --- [restartedMain] w.s.c.ServletWebServerApplicationContext : Root WebApplicationContext: initialization completed in 1262 ms
2020-10-12 22:33:40.853  INFO 7340 --- [restartedMain] o.s.s.concurrent.ThreadPoolTaskExecutor  : Initializing ExecutorService 'applicationTaskExecutor'
2020-10-12 22:33:40.921  INFO 7340 --- [task-1] o.hibernate.jpa.internal.util.LogHelper  : HHH000204: Processing PersistenceUnitInfo [name: default]
2020-10-12 22:33:40.950  INFO 7340 --- [task-1] org.hibernate.Version                    : HHH000412: Hibernate ORM core version 5.4.21.Final
2020-10-12 22:33:41.035  INFO 7340 --- [task-1] o.hibernate.annotations.common.Version   : HCANN000001: Hibernate Commons Annotations {5.1.0.Final}
2020-10-12 22:33:41.097  INFO 7340 --- [task-1] com.zaxxer.hikari.HikariDataSource       : HikariPool-1 - Starting...
2020-10-12 22:33:41.142  WARN 7340 --- [restartedMain] JpaBaseConfiguration$JpaWebConfiguration : spring.jpa.open-in-view is enabled by default. Therefore, database queries may be performed during view rendering. Explicitly configure spring.jpa.open-in-view to disable this warning
2020-10-12 22:33:41.280  INFO 7340 --- [restartedMain] pertySourcedRequestMappingHandlerMapping : Mapped URL path [/v2/api-docs] onto method [springfox.documentation.swagger2.web.Swagger2Controller#getDocumentation(String, HttpServletRequest)]
2020-10-12 22:33:41.449  INFO 7340 --- [restartedMain] o.s.b.d.a.OptionalLiveReloadServer       : LiveReload server is running on port 35729
2020-10-12 22:33:41.634  INFO 7340 --- [restartedMain] o.s.b.w.embedded.tomcat.TomcatWebServer  : Tomcat started on port(s): 8079 (http) with context path ''
2020-10-12 22:33:41.634  INFO 7340 --- [restartedMain] d.s.w.p.DocumentationPluginsBootstrapper : Context refreshed
2020-10-12 22:33:41.646  INFO 7340 --- [restartedMain] d.s.w.p.DocumentationPluginsBootstrapper : Found 1 custom documentation plugin(s)
2020-10-12 22:33:41.666  INFO 7340 --- [restartedMain] s.d.s.w.s.ApiListingReferenceScanner     : Scanning for api listing references
2020-10-12 22:33:41.691  INFO 7340 --- [task-1] com.zaxxer.hikari.HikariDataSource       : HikariPool-1 - Start completed.
2020-10-12 22:33:41.703  INFO 7340 --- [task-1] org.hibernate.dialect.Dialect            : HHH000400: Using dialect: org.hibernate.dialect.MySQL57Dialect
2020-10-12 22:33:41.801  INFO 7340 --- [restartedMain] .d.s.w.r.o.CachingOperationNameGenerator : Generating unique operation named: deleteUsingGET_1
2020-10-12 22:33:41.806  INFO 7340 --- [restartedMain] .d.s.w.r.o.CachingOperationNameGenerator : Generating unique operation named: postUsingPOST_1
2020-10-12 22:33:41.814  INFO 7340 --- [restartedMain] DeferredRepositoryInitializationListener : Triggering deferred initialization of Spring Data repositories…
2020-10-12 22:33:42.213  INFO 7340 --- [task-1] o.h.e.t.j.p.i.JtaPlatformInitiator       : HHH000490: Using JtaPlatform implementation: [org.hibernate.engine.transaction.jta.platform.internal.NoJtaPlatform]
2020-10-12 22:33:42.219  INFO 7340 --- [task-1] j.LocalContainerEntityManagerFactoryBean : Initialized JPA EntityManagerFactory for persistence unit 'default'
2020-10-12 22:33:42.666  INFO 7340 --- [restartedMain] DeferredRepositoryInitializationListener : Spring Data repositories initialized!
2020-10-12 22:33:42.672  INFO 7340 --- [restartedMain] com.darin.blog.BlogApplication           : Started BlogApplication in 3.651 seconds (JVM running for 4.782)
2020-10-12 22:34:05.111  INFO 7340 --- [http-nio-8079-exec-1] o.a.c.c.C.[Tomcat].[localhost].[/]       : Initializing Spring DispatcherServlet 'dispatcherServlet'
2020-10-12 22:34:05.111  INFO 7340 --- [http-nio-8079-exec-1] o.s.web.servlet.DispatcherServlet        : Initializing Servlet 'dispatcherServlet'
2020-10-12 22:34:05.117  INFO 7340 --- [http-nio-8079-exec-1] o.s.web.servlet.DispatcherServlet        : Completed initialization in 6 ms
2020-10-12 22:34:05.158  INFO 7340 --- [http-nio-8079-exec-2] com.darin.blog.handler.LoginInterceptor  : 通过拦截器
2020-10-12 22:34:05.158  INFO 7340 --- [http-nio-8079-exec-1] com.darin.blog.handler.LoginInterceptor  : 通过拦截器
2020-10-12 22:34:11.137  INFO 7340 --- [http-nio-8079-exec-3] com.darin.blog.handler.LoginInterceptor  : 通过拦截器
2020-10-12 22:34:11.147  INFO 7340 --- [http-nio-8079-exec-5] com.darin.blog.handler.LoginInterceptor  : 通过拦截器
2020-10-12 22:35:08.194  INFO 7340 --- [http-nio-8079-exec-7] com.darin.blog.handler.LoginInterceptor  : 通过拦截器
2020-10-12 22:38:43.848  INFO 7340 --- [http-nio-8079-exec-10] com.darin.blog.handler.LoginInterceptor  : 通过拦截器
2020-10-12 22:38:43.849  INFO 7340 --- [http-nio-8079-exec-2] com.darin.blog.handler.LoginInterceptor  : 通过拦截器
2020-10-12 22:41:29.476  INFO 7340 --- [http-nio-8079-exec-3] com.darin.blog.handler.LoginInterceptor  : 通过拦截器
2020-10-12 22:41:29.476  INFO 7340 --- [http-nio-8079-exec-5] com.darin.blog.handler.LoginInterceptor  : 通过拦截器
2020-10-12 22:44:04.778  INFO 7340 --- [http-nio-8079-exec-9] com.darin.blog.handler.LoginInterceptor  : 通过拦截器
2020-10-12 22:44:04.778  INFO 7340 --- [http-nio-8079-exec-8] com.darin.blog.handler.LoginInterceptor  : 通过拦截器
2020-10-12 22:44:39.208  INFO 7340 --- [http-nio-8079-exec-2] com.darin.blog.handler.LoginInterceptor  : 通过拦截器
2020-10-12 22:44:39.208  INFO 7340 --- [http-nio-8079-exec-10] com.darin.blog.handler.LoginInterceptor  : 通过拦截器
2020-10-12 22:44:44.004  INFO 7340 --- [http-nio-8079-exec-1] com.darin.blog.handler.LoginInterceptor  : 通过拦截器
2020-10-12 22:44:44.004  INFO 7340 --- [http-nio-8079-exec-4] com.darin.blog.handler.LoginInterceptor  : 通过拦截器
2020-10-12 22:49:36.163  INFO 7340 --- [http-nio-8079-exec-6] com.darin.blog.handler.LoginInterceptor  : 请求被拦截
2020-10-12 22:49:36.163  INFO 7340 --- [http-nio-8079-exec-7] com.darin.blog.handler.LoginInterceptor  : 请求被拦截
2020-10-12 22:49:44.710  INFO 7340 --- [http-nio-8079-exec-8] com.darin.blog.handler.LoginInterceptor  : 请求被拦截
2020-10-12 22:49:53.361  INFO 7340 --- [http-nio-8079-exec-4] com.darin.blog.handler.LoginInterceptor  : 通过拦截器
2020-10-12 22:49:53.361  INFO 7340 --- [http-nio-8079-exec-1] com.darin.blog.handler.LoginInterceptor  : 通过拦截器
2020-10-12 22:50:30.242  INFO 7340 --- [http-nio-8079-exec-3] com.darin.blog.handler.LoginInterceptor  : 通过拦截器
2020-10-12 22:50:30.242  INFO 7340 --- [http-nio-8079-exec-5] com.darin.blog.handler.LoginInterceptor  : 通过拦截器
2020-10-12 22:52:15.928  INFO 7340 --- [http-nio-8079-exec-9] com.darin.blog.handler.LoginInterceptor  : 通过拦截器
2020-10-12 22:52:15.928  INFO 7340 --- [http-nio-8079-exec-8] com.darin.blog.handler.LoginInterceptor  : 通过拦截器
2020-10-12 22:52:18.018  INFO 7340 --- [http-nio-8079-exec-2] com.darin.blog.handler.LoginInterceptor  : 通过拦截器
2020-10-12 22:52:18.018  INFO 7340 --- [http-nio-8079-exec-10] com.darin.blog.handler.LoginInterceptor  : 通过拦截器
